<?xml version="1.0" encoding="UTF-8"?>
<!-- Generated by org.testng.reporters.JUnitReportReporter -->
<testsuite hostname="LAPTOP-8OJ6GVAC" failures="0" tests="1" name="Demo.tests.TestPetTest" time="10.899" errors="0" timestamp="2025-05-13T20:06:23 IST" skipped="0">
  <testcase classname="Demo.tests.TestPetTest" name="sampletestpet" time="10.899"/>
  <system-out/>
</testsuite> <!-- Demo.tests.TestPetTest -->
